<?xml version="1.0" encoding="UTF-8" ?>
<testsuite tests="19" failures="0" name="features.AcceptanceTest" time="108.801" errors="0" skipped="0">
  <properties>
    <property name="idea.version" value="2016.1.1"/>
    <property name="java.runtime.name" value="Java(TM) SE Runtime Environment"/>
    <property name="sun.boot.library.path" value="/usr/lib/jvm/jdk1.8.0_77/jre/lib/amd64"/>
    <property name="java.vm.version" value="25.77-b03"/>
    <property name="java.vm.vendor" value="Oracle Corporation"/>
    <property name="java.vendor.url" value="http://java.oracle.com/"/>
    <property name="path.separator" value=":"/>
    <property name="guice.disable.misplaced.annotation.check" value="true"/>
    <property name="java.vm.name" value="Java HotSpot(TM) 64-Bit Server VM"/>
    <property name="file.encoding.pkg" value="sun.io"/>
    <property name="idea.launcher.port" value="7534"/>
    <property name="user.country" value="GB"/>
    <property name="sun.java.launcher" value="SUN_STANDARD"/>
    <property name="sun.os.patch.level" value="unknown"/>
    <property name="java.vm.specification.name" value="Java Virtual Machine Specification"/>
    <property name="user.dir" value="/home/mior/Downloads/test-automation1"/>
    <property name="java.runtime.version" value="1.8.0_77-b03"/>
    <property name="java.awt.graphicsenv" value="sun.awt.X11GraphicsEnvironment"/>
    <property name="java.endorsed.dirs" value="/usr/lib/jvm/jdk1.8.0_77/jre/lib/endorsed"/>
    <property name="os.arch" value="amd64"/>
    <property name="java.io.tmpdir" value="/tmp"/>
    <property name="line.separator" value="
"/>
    <property name="java.vm.specification.vendor" value="Oracle Corporation"/>
    <property name="os.name" value="Linux"/>
    <property name="classworlds.conf" value="/home/mior/Downloads/idea-IC-145.597.3/plugins/maven/lib/maven3/bin/m2.conf"/>
    <property name="sun.jnu.encoding" value="UTF-8"/>
    <property name="java.library.path" value=".::/usr/java/packages/lib/amd64:/usr/lib64:/lib64:/lib:/usr/lib"/>
    <property name="java.specification.name" value="Java Platform API Specification"/>
    <property name="java.class.version" value="52.0"/>
    <property name="sun.management.compiler" value="HotSpot 64-Bit Tiered Compilers"/>
    <property name="os.version" value="4.2.0-16-generic"/>
    <property name="user.home" value="/home/mior"/>
    <property name="user.timezone" value="Europe/London"/>
    <property name="java.awt.printerjob" value="sun.print.PSPrinterJob"/>
    <property name="java.specification.version" value="1.8"/>
    <property name="idea.launcher.bin.path" value="/home/mior/Downloads/idea-IC-145.597.3/bin"/>
    <property name="file.encoding" value="UTF-8"/>
    <property name="user.name" value="mior"/>
    <property name="java.class.path" value="/home/mior/Downloads/idea-IC-145.597.3/plugins/maven/lib/maven3/boot/plexus-classworlds-2.4.jar:/home/mior/Downloads/idea-IC-145.597.3/lib/idea_rt.jar"/>
    <property name="java.vm.specification.version" value="1.8"/>
    <property name="sun.arch.data.model" value="64"/>
    <property name="java.home" value="/usr/lib/jvm/jdk1.8.0_77/jre"/>
    <property name="sun.java.command" value="com.intellij.rt.execution.application.AppMain org.codehaus.classworlds.Launcher -Didea.version=2016.1.1 test"/>
    <property name="java.specification.vendor" value="Oracle Corporation"/>
    <property name="user.language" value="en"/>
    <property name="awt.toolkit" value="sun.awt.X11.XToolkit"/>
    <property name="java.vm.info" value="mixed mode"/>
    <property name="java.version" value="1.8.0_77"/>
    <property name="java.ext.dirs" value="/usr/lib/jvm/jdk1.8.0_77/jre/lib/ext:/usr/java/packages/lib/ext"/>
    <property name="securerandom.source" value="file:/dev/./urandom"/>
    <property name="sun.boot.class.path" value="/usr/lib/jvm/jdk1.8.0_77/jre/lib/resources.jar:/usr/lib/jvm/jdk1.8.0_77/jre/lib/rt.jar:/usr/lib/jvm/jdk1.8.0_77/jre/lib/sunrsasign.jar:/usr/lib/jvm/jdk1.8.0_77/jre/lib/jsse.jar:/usr/lib/jvm/jdk1.8.0_77/jre/lib/jce.jar:/usr/lib/jvm/jdk1.8.0_77/jre/lib/charsets.jar:/usr/lib/jvm/jdk1.8.0_77/jre/lib/jfr.jar:/usr/lib/jvm/jdk1.8.0_77/jre/classes"/>
    <property name="java.vendor" value="Oracle Corporation"/>
    <property name="maven.home" value="/home/mior/Downloads/idea-IC-145.597.3/plugins/maven/lib/maven3"/>
    <property name="file.separator" value="/"/>
    <property name="java.vendor.url.bug" value="http://bugreport.sun.com/bugreport/"/>
    <property name="sun.cpu.endian" value="little"/>
    <property name="sun.io.unicode.encoding" value="UnicodeLittle"/>
    <property name="sun.desktop" value="gnome"/>
    <property name="sun.cpu.isalist" value=""/>
  </properties>
  <testcase classname="Scenario: Should be able to click on link and navigate" name="Given I navigate to the website" time="0.024"/>
  <testcase classname="Scenario: Should be able to click on link and navigate" name="When I navigate to any link" time="0.001"/>
  <testcase classname="Scenario: Should be able to click on link and navigate" name="Then I am able to navigate successfully" time="0.002"/>
  <testcase classname="Scenario: Should be able to click on link and navigate" name="Scenario: Should be able to click on link and navigate" time="6.133"/>
  <testcase classname="Scenario: Should be able to navigate to Company\&apos;s website" name="Given I navigate to the website" time="0.001"/>
  <testcase classname="Scenario: Should be able to navigate to Company\&apos;s website" name="When I observe the page title" time="0"/>
  <testcase classname="Scenario: Should be able to navigate to Company\&apos;s website" name="Then I should observe the title is \&apos;The Web Testing Book\&apos;" time="0"/>
  <testcase classname="Scenario: Should be able to navigate to Company\&apos;s website" name="Scenario: Should be able to navigate to Company\&apos;s website" time="1.014"/>
  <testcase classname="Scenario: Link should exist" name="Given I navigate to the website" time="0.003"/>
  <testcase classname="Scenario: Link should exist" name="Then I should observe the hyperlink \&apos;Techwell.com\&apos; exists" time="0"/>
  <testcase classname="Scenario: Link should exist" name="Scenario: Link should exist" time="0.929"/>
  <testcase classname="Scenario: Should be able to navigate to web testing handbook" name="Given I navigate to the website" time="0.004"/>
  <testcase classname="Scenario: Should be able to navigate to web testing handbook" name="When I choose the web testing handbook link" time="0.001"/>
  <testcase classname="Scenario: Should be able to navigate to web testing handbook" name="Then I can navigate to \&apos;TechWell\&apos; page successfully" time="0"/>
  <testcase classname="Scenario: Should be able to navigate to web testing handbook" name="Scenario: Should be able to navigate to web testing handbook" time="1.102"/>
  <testcase classname="Scenario: Should be able to open PDF document" name="Given I navigate to the website" time="0.004"/>
  <testcase classname="Scenario: Should be able to open PDF document" name="When I navigate to the PDF document" time="0.001"/>
  <testcase classname="Scenario: Should be able to open PDF document" name="Then I am able to open PDF document successfully" time="0"/>
  <testcase classname="Scenario: Should be able to open PDF document" name="Scenario: Should be able to open PDF document" time="0.816"/>
</testsuite>